<?xml version="1.0" encoding="UTF-8"?>
<testsuite xmlns:xsi="http://www.w3.org/2001/XMLSchema-instance" xsi:noNamespaceSchemaLocation="https://maven.apache.org/surefire/maven-surefire-plugin/xsd/surefire-test-report.xsd" name="BonusServiceTest" time="0.028" tests="10" errors="0" skipped="0" failures="0">
  <properties>
[...]
</properties>
  <testcase name="shouldCalculateNotRegisteredBorderRightLimit" classname="BonusServiceTest" time="0.017"/>
  <testcase name="shouldCalculateRegisteredUnderLimit" classname="BonusServiceTest" time="0"/>
  <testcase name="shouldCalculateRegisteredBorderLeftLimit" classname="BonusServiceTest" time="0"/>
  <testcase name="shouldCalculateRegisteredOverLimit" classname="BonusServiceTest" time="0.001"/>
  <testcase name="shouldCalculateNotRegisteredUnderLimit" classname="BonusServiceTest" time="0.001"/>
  <testcase name="shouldCalculateRegisteredBorderRightLimit" classname="BonusServiceTest" time="0"/>
  <testcase name="shouldCalculateNotRegisteredBorderLeftLimit" classname="BonusServiceTest" time="0"/>
  <testcase name="shouldCalculateNotRegisteredOverLimit" classname="BonusServiceTest" time="0.001"/>
  <testcase name="shouldCalculateRegisteredEqualLimit" classname="BonusServiceTest" time="0"/>
  <testcase name="shouldCalculateNotRegisteredEqualLimit" classname="BonusServiceTest" time="0.001"/>
</testsuite>